<?xml version="1.0" encoding="UTF-8"?>
<testsuite xmlns:xsi="http://www.w3.org/2001/XMLSchema-instance" xsi:noNamespaceSchemaLocation="https://maven.apache.org/surefire/maven-surefire-plugin/xsd/surefire-test-report.xsd" name="util.UtilTest" time="0.008" tests="6" errors="0" skipped="0" failures="0">
  <properties>
[...]
</properties>
  <testcase name="testGetValidateBaseUrlWhenExistsUrl" classname="util.UtilTest" time="0"/>
  <testcase name="testGetKeywordFromBodyWhenExistsKeyword" classname="util.UtilTest" time="0.003"/>
  <testcase name="testGetKeywordFromParamsWhenExistsParams" classname="util.UtilTest" time="0"/>
  <testcase name="testGetKeywordFromBodyWhenNotExistsKeyword" classname="util.UtilTest" time="0"/>
  <testcase name="testGetValidateBaseUrlWhenNotExistsUrl" classname="util.UtilTest" time="0"/>
  <testcase name="testGetKeywordFromParamsWhenNotExistsParams" classname="util.UtilTest" time="0.003"/>
</testsuite>